2019-04-10 15:53:36 [SpiderAnything.spiders.itcast] WARNING: {'tea_name': '朱老师', 'tea_position': '高级讲师'}
2019-04-10 15:53:36 [SpiderAnything.spiders.itcast] WARNING: {'tea_name': '刘老师', 'tea_position': '高级讲师'}
2019-04-10 15:53:36 [SpiderAnything.spiders.itcast] WARNING: {'tea_name': '张老师', 'tea_position': '高级讲师'}
2019-04-10 15:53:36 [SpiderAnything.spiders.itcast] WARNING: {'tea_name': '韩老师', 'tea_position': '高级讲师'}
2019-04-10 15:53:36 [SpiderAnything.spiders.itcast] WARNING: {'tea_name': ' 邓老师', 'tea_position': '高级讲师'}
2019-04-10 15:53:36 [SpiderAnything.spiders.itcast] WARNING: {'tea_name': ' 梁老师', 'tea_position': '高级讲师'}
2019-04-10 15:53:36 [SpiderAnything.spiders.itcast] WARNING: {'tea_name': '吴老师', 'tea_position': '高级讲师'}
2019-04-10 15:53:36 [SpiderAnything.spiders.itcast] WARNING: {'tea_name': '吴老师', 'tea_position': '高级讲师'}
2019-04-10 15:53:36 [SpiderAnything.spiders.itcast] WARNING: {'tea_name': '赵老师', 'tea_position': '高级讲师'}
2019-04-10 15:53:36 [SpiderAnything.spiders.itcast] WARNING: {'tea_name': '毛老师', 'tea_position': '高级讲师'}
2019-04-10 15:53:36 [SpiderAnything.spiders.itcast] WARNING: {'tea_name': '王老师', 'tea_position': '高级讲师'}
2019-04-10 15:53:36 [SpiderAnything.spiders.itcast] WARNING: {'tea_name': '闻老师', 'tea_position': '高级讲师'}
2019-04-10 15:53:36 [SpiderAnything.spiders.itcast] WARNING: {'tea_name': '李老师', 'tea_position': '高级讲师'}
2019-04-10 15:53:36 [SpiderAnything.spiders.itcast] WARNING: {'tea_name': '许老师', 'tea_position': '高级讲师'}
2019-04-10 15:53:36 [SpiderAnything.spiders.itcast] WARNING: {'tea_name': '赵老师', 'tea_position': '高级讲师'}
2019-04-10 15:53:36 [SpiderAnything.spiders.itcast] WARNING: {'tea_name': ' 刘老师', 'tea_position': '高级讲师'}
2019-04-10 15:53:36 [SpiderAnything.spiders.itcast] WARNING: {'tea_name': '刘老师', 'tea_position': '高级讲师'}
2019-04-10 15:53:36 [SpiderAnything.spiders.itcast] WARNING: {'tea_name': '刘老师', 'tea_position': '高级讲师'}
2019-04-10 15:53:36 [SpiderAnything.spiders.itcast] WARNING: {'tea_name': '王老师', 'tea_position': '高级讲师'}
2019-04-10 15:53:36 [SpiderAnything.spiders.itcast] WARNING: {'tea_name': '杜老师', 'tea_position': '高级讲师'}
2019-04-10 15:53:36 [SpiderAnything.spiders.itcast] WARNING: {'tea_name': '苏老师', 'tea_position': '高级讲师'}
2019-04-10 15:53:36 [SpiderAnything.spiders.itcast] WARNING: {'tea_name': '吴老师', 'tea_position': '高级讲师'}
2019-04-10 15:53:36 [SpiderAnything.spiders.itcast] WARNING: {'tea_name': '王老师', 'tea_position': '高级讲师'}
2019-04-10 15:53:36 [SpiderAnything.spiders.itcast] WARNING: {'tea_name': '覃老师', 'tea_position': '高级讲师'}
2019-04-10 15:53:36 [SpiderAnything.spiders.itcast] WARNING: {'tea_name': '王老师', 'tea_position': '高级讲师'}
2019-04-10 15:53:36 [SpiderAnything.spiders.itcast] WARNING: {'tea_name': '张老师', 'tea_position': '高级讲师'}
2019-04-10 15:53:36 [SpiderAnything.spiders.itcast] WARNING: {'tea_name': '崔老师', 'tea_position': '高级讲师'}
2019-04-10 15:53:36 [SpiderAnything.spiders.itcast] WARNING: {'tea_name': '汤老师', 'tea_position': '高级讲师'}
2019-04-10 15:53:36 [SpiderAnything.spiders.itcast] WARNING: {'tea_name': '赵老师', 'tea_position': '高级讲师'}
2019-04-10 15:53:36 [SpiderAnything.spiders.itcast] WARNING: {'tea_name': '刘老师', 'tea_position': '高级讲师'}
2019-04-10 15:53:36 [SpiderAnything.spiders.itcast] WARNING: {'tea_name': '李老师', 'tea_position': '高级讲师'}
2019-04-10 15:53:36 [SpiderAnything.spiders.itcast] WARNING: {'tea_name': '钟老师', 'tea_position': '高级讲师'}
2019-04-10 15:53:36 [SpiderAnything.spiders.itcast] WARNING: {'tea_name': '刘老师', 'tea_position': '高级讲师'}
2019-04-10 15:53:36 [SpiderAnything.spiders.itcast] WARNING: {'tea_name': '梁老师', 'tea_position': '高级讲师'}
2019-04-10 15:53:36 [SpiderAnything.spiders.itcast] WARNING: {'tea_name': '张老师', 'tea_position': '高级讲师'}
2019-04-10 15:53:36 [SpiderAnything.spiders.itcast] WARNING: {'tea_name': '赵老师', 'tea_position': '高级讲师'}
2019-04-10 15:53:36 [SpiderAnything.spiders.itcast] WARNING: {'tea_name': '杜老师', 'tea_position': '高级讲师'}
2019-04-10 15:53:36 [SpiderAnything.spiders.itcast] WARNING: {'tea_name': '饶老师', 'tea_position': '高级讲师'}
2019-04-10 15:53:36 [SpiderAnything.spiders.itcast] WARNING: {'tea_name': '石老师', 'tea_position': '高级讲师'}
2019-04-10 15:53:36 [SpiderAnything.spiders.itcast] WARNING: {'tea_name': '姜老师', 'tea_position': '高级讲师'}
2019-04-10 15:53:36 [SpiderAnything.spiders.itcast] WARNING: {'tea_name': '栾老师', 'tea_position': '高级讲师'}
2019-04-10 15:53:36 [SpiderAnything.spiders.itcast] WARNING: {'tea_name': '谈老师', 'tea_position': '高级讲师'}
2019-04-10 15:53:36 [SpiderAnything.spiders.itcast] WARNING: {'tea_name': '袁老师', 'tea_position': '高级讲师'}
2019-04-10 15:53:36 [SpiderAnything.spiders.itcast] WARNING: {'tea_name': '刘老师', 'tea_position': '高级讲师'}
2019-04-10 15:53:36 [SpiderAnything.spiders.itcast] WARNING: {'tea_name': '唐老师', 'tea_position': '高级讲师'}
2019-04-10 15:53:36 [SpiderAnything.spiders.itcast] WARNING: {'tea_name': '苗老师', 'tea_position': '高级讲师'}
2019-04-10 15:53:36 [SpiderAnything.spiders.itcast] WARNING: {'tea_name': '王老师', 'tea_position': '高级讲师'}
2019-04-10 15:53:36 [SpiderAnything.spiders.itcast] WARNING: {'tea_name': '徐老师', 'tea_position': '高级讲师'}
2019-04-10 15:53:36 [SpiderAnything.spiders.itcast] WARNING: {'tea_name': '杨老师', 'tea_position': '高级讲师'}
2019-04-10 15:53:36 [SpiderAnything.spiders.itcast] WARNING: {'tea_name': '谭老师', 'tea_position': '高级讲师'}
2019-04-10 15:53:36 [SpiderAnything.spiders.itcast] WARNING: {'tea_name': '李老师', 'tea_position': '高级讲师'}
2019-04-10 15:53:36 [SpiderAnything.spiders.itcast] WARNING: {'tea_name': '廖老师', 'tea_position': '高级讲师'}
2019-04-10 15:53:36 [SpiderAnything.spiders.itcast] WARNING: {'tea_name': '詹老师', 'tea_position': '高级讲师'}
2019-04-10 15:53:36 [SpiderAnything.spiders.itcast] WARNING: {'tea_name': '张老师', 'tea_position': '高级讲师'}
2019-04-10 15:53:36 [SpiderAnything.spiders.itcast] WARNING: {'tea_name': '于老师', 'tea_position': '高级讲师'}
2019-04-10 15:53:36 [SpiderAnything.spiders.itcast] WARNING: {'tea_name': '王老师', 'tea_position': '高级讲师'}
2019-04-10 15:53:36 [SpiderAnything.spiders.itcast] WARNING: {'tea_name': '陈老师', 'tea_position': '高级讲师'}
2019-04-10 15:53:36 [SpiderAnything.spiders.itcast] WARNING: {'tea_name': '娄老师', 'tea_position': '高级讲师'}
2019-04-10 15:53:36 [SpiderAnything.spiders.itcast] WARNING: {'tea_name': '惠老师', 'tea_position': '高级讲师'}
2019-04-10 15:53:36 [SpiderAnything.spiders.itcast] WARNING: {'tea_name': '马老师', 'tea_position': '高级讲师'}
2019-04-10 15:53:36 [SpiderAnything.spiders.itcast] WARNING: {'tea_name': '康老师', 'tea_position': '高级讲师'}
2019-04-10 15:53:36 [SpiderAnything.spiders.itcast] WARNING: {'tea_name': '刘老师', 'tea_position': '高级讲师'}
2019-04-10 15:53:36 [SpiderAnything.spiders.itcast] WARNING: {'tea_name': '张老师', 'tea_position': '高级讲师'}
2019-04-10 15:53:36 [SpiderAnything.spiders.itcast] WARNING: {'tea_name': '杨老师', 'tea_position': '高级讲师'}
2019-04-10 15:53:36 [SpiderAnything.spiders.itcast] WARNING: {'tea_name': '石老师', 'tea_position': '高级讲师'}
2019-04-10 15:53:36 [SpiderAnything.spiders.itcast] WARNING: {'tea_name': '许老师', 'tea_position': '高级讲师'}
2019-04-10 15:53:36 [SpiderAnything.spiders.itcast] WARNING: {'tea_name': '郭老师', 'tea_position': '高级讲师'}
2019-04-10 15:53:36 [SpiderAnything.spiders.itcast] WARNING: {'tea_name': '郝老师', 'tea_position': '高级讲师'}
2019-04-10 15:53:36 [SpiderAnything.spiders.itcast] WARNING: {'tea_name': '安老师', 'tea_position': '高级讲师'}
2019-04-10 15:53:36 [SpiderAnything.spiders.itcast] WARNING: {'tea_name': '胡老师', 'tea_position': '高级讲师'}
2019-04-10 15:53:36 [SpiderAnything.spiders.itcast] WARNING: {'tea_name': '刘老师', 'tea_position': '高级讲师'}
2019-04-10 15:53:36 [SpiderAnything.spiders.itcast] WARNING: {'tea_name': '朱老师\t', 'tea_position': '高级讲师'}
2019-04-10 15:53:36 [SpiderAnything.spiders.itcast] WARNING: {'tea_name': '胡老师', 'tea_position': '高级讲师'}
2019-04-10 15:53:36 [SpiderAnything.spiders.itcast] WARNING: {'tea_name': '李老师', 'tea_position': '高级讲师'}
2019-04-10 15:53:36 [SpiderAnything.spiders.itcast] WARNING: {'tea_name': '张老师', 'tea_position': '高级讲师'}
2019-04-10 15:53:36 [SpiderAnything.spiders.itcast] WARNING: {'tea_name': '李老师', 'tea_position': '高级讲师'}
2019-04-10 15:53:36 [SpiderAnything.spiders.itcast] WARNING: {'tea_name': '彭老师', 'tea_position': '高级讲师'}
2019-04-10 15:53:36 [SpiderAnything.spiders.itcast] WARNING: {'tea_name': '叶老师', 'tea_position': '高级讲师'}
2019-04-10 15:53:36 [SpiderAnything.spiders.itcast] WARNING: {'tea_name': '杨老师', 'tea_position': '高级讲师'}
2019-04-10 15:53:36 [SpiderAnything.spiders.itcast] WARNING: {'tea_name': '王老师', 'tea_position': '高级讲师'}
2019-04-10 15:53:36 [SpiderAnything.spiders.itcast] WARNING: {'tea_name': '白老师', 'tea_position': '高级讲师'}
2019-04-10 15:53:36 [SpiderAnything.spiders.itcast] WARNING: {'tea_name': '蔡老师', 'tea_position': '高级讲师'}
2019-04-10 15:53:36 [SpiderAnything.spiders.itcast] WARNING: {'tea_name': '陈老师', 'tea_position': '高级讲师'}
2019-04-10 15:53:36 [SpiderAnything.spiders.itcast] WARNING: {'tea_name': '陈老师', 'tea_position': '高级讲师'}
2019-04-10 15:53:36 [SpiderAnything.spiders.itcast] WARNING: {'tea_name': '陈老师', 'tea_position': '高级讲师'}
2019-04-10 15:53:36 [SpiderAnything.spiders.itcast] WARNING: {'tea_name': '冯老师', 'tea_position': '高级讲师'}
2019-04-10 15:53:36 [SpiderAnything.spiders.itcast] WARNING: {'tea_name': '谷老师', 'tea_position': '高级讲师'}
2019-04-10 15:53:36 [SpiderAnything.spiders.itcast] WARNING: {'tea_name': '江老师', 'tea_position': '高级讲师'}
2019-04-10 15:53:36 [SpiderAnything.spiders.itcast] WARNING: {'tea_name': '刘老师', 'tea_position': '高级讲师'}
2019-04-10 15:53:36 [SpiderAnything.spiders.itcast] WARNING: {'tea_name': '柳老师', 'tea_position': '高级讲师'}
2019-04-10 15:53:36 [SpiderAnything.spiders.itcast] WARNING: {'tea_name': '卢老师', 'tea_position': '高级讲师'}
2019-04-10 15:53:36 [SpiderAnything.spiders.itcast] WARNING: {'tea_name': '陆老师', 'tea_position': '高级讲师'}
2019-04-10 15:53:36 [SpiderAnything.spiders.itcast] WARNING: {'tea_name': '王老师', 'tea_position': '高级讲师'}
2019-04-10 15:53:36 [SpiderAnything.spiders.itcast] WARNING: {'tea_name': '王老师', 'tea_position': '高级讲师'}
2019-04-10 15:53:36 [SpiderAnything.spiders.itcast] WARNING: {'tea_name': '王老师', 'tea_position': '高级讲师'}
2019-04-10 15:53:36 [SpiderAnything.spiders.itcast] WARNING: {'tea_name': '王老师', 'tea_position': '高级讲师'}
2019-04-10 15:53:36 [SpiderAnything.spiders.itcast] WARNING: {'tea_name': '夏老师', 'tea_position': '高级讲师'}
2019-04-10 15:53:36 [SpiderAnything.spiders.itcast] WARNING: {'tea_name': '张老师', 'tea_position': '高级讲师'}
2019-04-10 15:53:36 [SpiderAnything.spiders.itcast] WARNING: {'tea_name': '周老师', 'tea_position': '高级讲师'}
2019-04-10 15:53:36 [SpiderAnything.spiders.itcast] WARNING: {'tea_name': '朱老师', 'tea_position': '高级讲师'}
2019-04-10 15:53:36 [SpiderAnything.spiders.itcast] WARNING: {'tea_name': '陈老师', 'tea_position': '高级讲师'}
2019-04-10 15:53:36 [SpiderAnything.spiders.itcast] WARNING: {'tea_name': '李老师', 'tea_position': '高级讲师'}
2019-04-10 15:53:36 [SpiderAnything.spiders.itcast] WARNING: {'tea_name': '廖老师', 'tea_position': '高级讲师'}
2019-04-10 15:53:36 [SpiderAnything.spiders.itcast] WARNING: {'tea_name': '刘老师', 'tea_position': '高级讲师'}
2019-04-10 15:53:36 [SpiderAnything.spiders.itcast] WARNING: {'tea_name': '潘老师', 'tea_position': '高级讲师'}
2019-04-10 15:53:36 [SpiderAnything.spiders.itcast] WARNING: {'tea_name': '宋老师', 'tea_position': '高级讲师'}
2019-04-10 15:53:36 [SpiderAnything.spiders.itcast] WARNING: {'tea_name': '徐老师', 'tea_position': '高级讲师'}
2019-04-10 15:53:36 [SpiderAnything.spiders.itcast] WARNING: {'tea_name': '徐老师', 'tea_position': '高级讲师'}
2019-04-10 15:53:36 [SpiderAnything.spiders.itcast] WARNING: {'tea_name': '袁老师', 'tea_position': '高级讲师'}
2019-04-10 15:53:36 [SpiderAnything.spiders.itcast] WARNING: {'tea_name': '钟老师', 'tea_position': '高级讲师'}
2019-04-10 15:53:36 [SpiderAnything.spiders.itcast] WARNING: {'tea_name': '辛老师', 'tea_position': '高级讲师'}
2019-04-10 15:53:36 [SpiderAnything.spiders.itcast] WARNING: {'tea_name': '刘老师', 'tea_position': '高级讲师'}
2019-04-10 15:53:36 [SpiderAnything.spiders.itcast] WARNING: {'tea_name': '刘老师', 'tea_position': '高级讲师'}
2019-04-10 15:53:36 [SpiderAnything.spiders.itcast] WARNING: {'tea_name': '刘老师', 'tea_position': '高级讲师'}
2019-04-10 15:53:36 [SpiderAnything.spiders.itcast] WARNING: {'tea_name': '沈老师', 'tea_position': '高级讲师'}
2019-04-10 15:53:36 [SpiderAnything.spiders.itcast] WARNING: {'tea_name': '余老师', 'tea_position': '高级讲师'}
2019-04-10 15:53:36 [SpiderAnything.spiders.itcast] WARNING: {'tea_name': '王老师', 'tea_position': '高级讲师'}
2019-04-10 15:53:36 [SpiderAnything.spiders.itcast] WARNING: {'tea_name': '王老师', 'tea_position': '高级讲师'}
2019-04-10 15:53:36 [SpiderAnything.spiders.itcast] WARNING: {'tea_name': '龙老师', 'tea_position': '高级讲师'}
2019-04-10 15:53:36 [SpiderAnything.spiders.itcast] WARNING: {'tea_name': '侯老师', 'tea_position': '高级讲师'}
2019-04-10 15:53:36 [SpiderAnything.spiders.itcast] WARNING: {'tea_name': '王老师', 'tea_position': '高级讲师'}
2019-04-10 15:53:36 [SpiderAnything.spiders.itcast] WARNING: {'tea_name': '潘老师', 'tea_position': '高级讲师'}
2019-04-10 15:53:36 [SpiderAnything.spiders.itcast] WARNING: {'tea_name': '裴老师', 'tea_position': '高级讲师'}
2019-04-10 15:53:36 [SpiderAnything.spiders.itcast] WARNING: {'tea_name': '孙老师', 'tea_position': '高级讲师'}
2019-04-10 15:53:36 [SpiderAnything.spiders.itcast] WARNING: {'tea_name': '吴老师', 'tea_position': '高级讲师'}
2019-04-10 15:53:36 [SpiderAnything.spiders.itcast] WARNING: {'tea_name': '王老师', 'tea_position': '高级讲师'}
2019-04-10 15:53:36 [SpiderAnything.spiders.itcast] WARNING: {'tea_name': '殷老师', 'tea_position': '高级讲师'}
2019-04-10 15:53:36 [SpiderAnything.spiders.itcast] WARNING: {'tea_name': '高老师', 'tea_position': '高级讲师'}
2019-04-10 15:53:36 [SpiderAnything.spiders.itcast] WARNING: {'tea_name': '吴老师', 'tea_position': '高级讲师'}
2019-04-10 15:53:36 [SpiderAnything.spiders.itcast] WARNING: {'tea_name': '张老师', 'tea_position': '高级讲师'}
2019-04-10 15:53:36 [SpiderAnything.spiders.itcast] WARNING: {'tea_name': '崔老师', 'tea_position': '高级讲师'}
2019-04-10 15:53:36 [SpiderAnything.spiders.itcast] WARNING: {'tea_name': '梁老师', 'tea_position': '高级讲师'}
2019-04-10 15:53:36 [SpiderAnything.spiders.itcast] WARNING: {'tea_name': '王老师', 'tea_position': '高级讲师'}
2019-04-10 15:53:36 [SpiderAnything.spiders.itcast] WARNING: {'tea_name': '李老师', 'tea_position': '高级讲师'}
2019-04-10 15:53:36 [SpiderAnything.spiders.itcast] WARNING: {'tea_name': '李老师', 'tea_position': '高级讲师'}
2019-04-10 15:53:36 [SpiderAnything.spiders.itcast] WARNING: {'tea_name': '孙老师', 'tea_position': '高级讲师'}
2019-04-10 15:53:36 [SpiderAnything.spiders.itcast] WARNING: {'tea_name': '赵老师', 'tea_position': '高级讲师'}
2019-04-10 15:53:36 [SpiderAnything.spiders.itcast] WARNING: {'tea_name': '马老师', 'tea_position': '高级讲师'}
2019-04-10 15:53:36 [SpiderAnything.spiders.itcast] WARNING: {'tea_name': '汪老师', 'tea_position': '高级讲师'}
2019-04-10 15:53:36 [SpiderAnything.spiders.itcast] WARNING: {'tea_name': '康老师', 'tea_position': '高级讲师'}
2019-04-10 15:53:36 [SpiderAnything.spiders.itcast] WARNING: {'tea_name': '周老师', 'tea_position': '高级讲师'}
2019-04-10 15:53:36 [SpiderAnything.spiders.itcast] WARNING: {'tea_name': '汪老师', 'tea_position': '高级讲师'}
2019-04-10 15:53:36 [SpiderAnything.spiders.itcast] WARNING: {'tea_name': '赵老师', 'tea_position': '高级讲师'}
2019-04-10 15:53:36 [SpiderAnything.spiders.itcast] WARNING: {'tea_name': '韩老师', 'tea_position': '高级讲师'}
2019-04-10 15:53:36 [SpiderAnything.spiders.itcast] WARNING: {'tea_name': '杨老师', 'tea_position': '高级讲师'}
2019-04-10 15:53:36 [SpiderAnything.spiders.itcast] WARNING: {'tea_name': '汤老师', 'tea_position': '高级讲师'}
2019-04-10 15:53:36 [SpiderAnything.spiders.itcast] WARNING: {'tea_name': '李老师', 'tea_position': '高级讲师'}
2019-04-10 15:53:36 [SpiderAnything.spiders.itcast] WARNING: {'tea_name': '王老师', 'tea_position': '高级讲师'}
2019-04-10 15:53:36 [SpiderAnything.spiders.itcast] WARNING: {'tea_name': '吴老师', 'tea_position': '高级讲师'}
2019-04-10 15:53:36 [SpiderAnything.spiders.itcast] WARNING: {'tea_name': '张老师', 'tea_position': '高级讲师'}
2019-04-10 15:53:36 [SpiderAnything.spiders.itcast] WARNING: {'tea_name': '张老师', 'tea_position': '高级讲师'}
2019-04-10 15:53:36 [SpiderAnything.spiders.itcast] WARNING: {'tea_name': '刘老师', 'tea_position': '高级讲师'}
2019-04-10 15:53:36 [SpiderAnything.spiders.itcast] WARNING: {'tea_name': '孙老师', 'tea_position': '高级讲师'}
2019-04-10 15:53:36 [SpiderAnything.spiders.itcast] WARNING: {'tea_name': '李老师', 'tea_position': '高级讲师'}
2019-04-10 15:53:36 [SpiderAnything.spiders.itcast] WARNING: {'tea_name': '汤老师', 'tea_position': '高级讲师'}
2019-04-10 15:53:36 [SpiderAnything.spiders.itcast] WARNING: {'tea_name': '周老师', 'tea_position': '高级讲师'}
2019-04-10 15:53:36 [SpiderAnything.spiders.itcast] WARNING: {'tea_name': '邢老师', 'tea_position': '高级讲师'}
2019-04-10 15:53:36 [SpiderAnything.spiders.itcast] WARNING: {'tea_name': '王老师', 'tea_position': '高级讲师'}
2019-04-10 15:53:36 [SpiderAnything.spiders.itcast] WARNING: {'tea_name': '江老师', 'tea_position': '高级讲师'}
2019-04-10 15:53:36 [SpiderAnything.spiders.itcast] WARNING: {'tea_name': '谢老师', 'tea_position': '高级讲师'}
2019-04-10 15:53:36 [SpiderAnything.spiders.itcast] WARNING: {'tea_name': ' 惠老师', 'tea_position': '高级讲师'}
2019-04-10 15:53:36 [SpiderAnything.spiders.itcast] WARNING: {'tea_name': '刘老师', 'tea_position': '高级讲师'}
2019-04-10 15:53:36 [SpiderAnything.spiders.itcast] WARNING: {'tea_name': '尹老师', 'tea_position': '高级讲师'}
2019-04-10 15:53:36 [SpiderAnything.spiders.itcast] WARNING: {'tea_name': '孔老师', 'tea_position': '高级讲师'}
2019-04-10 15:53:36 [SpiderAnything.spiders.itcast] WARNING: {'tea_name': '赵老师', 'tea_position': '高级讲师'}
2019-04-10 15:53:36 [SpiderAnything.spiders.itcast] WARNING: {'tea_name': '张老师', 'tea_position': '高级讲师'}
2019-04-10 15:53:36 [SpiderAnything.spiders.itcast] WARNING: {'tea_name': '杜老师', 'tea_position': '高级讲师'}
2019-04-10 15:53:36 [SpiderAnything.spiders.itcast] WARNING: {'tea_name': '赵老师', 'tea_position': '高级讲师'}
2019-04-10 15:53:36 [SpiderAnything.spiders.itcast] WARNING: {'tea_name': '庄老师', 'tea_position': '高级讲师'}
2019-04-10 15:53:36 [SpiderAnything.spiders.itcast] WARNING: {'tea_name': '刘老师', 'tea_position': '高级讲师'}
2019-04-10 15:53:36 [SpiderAnything.spiders.itcast] WARNING: {'tea_name': '郭老师', 'tea_position': '高级讲师'}
2019-04-10 15:53:36 [SpiderAnything.spiders.itcast] WARNING: {'tea_name': '毛老师', 'tea_position': '高级讲师'}
2019-04-10 15:53:36 [SpiderAnything.spiders.itcast] WARNING: {'tea_name': '丁老师', 'tea_position': '高级讲师'}
2019-04-10 15:53:36 [SpiderAnything.spiders.itcast] WARNING: {'tea_name': '陈老师', 'tea_position': '高级讲师'}
2019-04-10 15:53:36 [SpiderAnything.spiders.itcast] WARNING: {'tea_name': '胡老师', 'tea_position': '高级讲师'}
2019-04-10 15:53:36 [SpiderAnything.spiders.itcast] WARNING: {'tea_name': '李老师', 'tea_position': '高级讲师'}
2019-04-10 15:53:36 [SpiderAnything.spiders.itcast] WARNING: {'tea_name': '刘老师', 'tea_position': '高级讲师'}
2019-04-10 15:53:36 [SpiderAnything.spiders.itcast] WARNING: {'tea_name': '杨老师', 'tea_position': '高级讲师'}
2019-04-10 15:53:36 [SpiderAnything.spiders.itcast] WARNING: {'tea_name': '张老师', 'tea_position': '高级讲师'}
2019-04-10 15:53:36 [SpiderAnything.spiders.itcast] WARNING: {'tea_name': '周老师', 'tea_position': '高级讲师'}
2019-04-10 15:53:36 [SpiderAnything.spiders.itcast] WARNING: {'tea_name': '彭老师', 'tea_position': '高级讲师'}
2019-04-10 15:53:36 [SpiderAnything.spiders.itcast] WARNING: {'tea_name': '王老师', 'tea_position': '高级讲师'}
2019-04-10 15:53:36 [SpiderAnything.spiders.itcast] WARNING: {'tea_name': '齐老师', 'tea_position': '高级讲师'}
2019-04-10 15:53:36 [SpiderAnything.spiders.itcast] WARNING: {'tea_name': '原老师', 'tea_position': '高级讲师'}
2019-04-10 15:53:36 [SpiderAnything.spiders.itcast] WARNING: {'tea_name': '吕老师', 'tea_position': '高级讲师'}
2019-04-10 15:53:36 [SpiderAnything.spiders.itcast] WARNING: {'tea_name': '秦老师', 'tea_position': '高级讲师'}
2019-04-10 15:53:36 [SpiderAnything.spiders.itcast] WARNING: {'tea_name': '陈老师', 'tea_position': '高级讲师'}
2019-04-10 15:53:36 [SpiderAnything.spiders.itcast] WARNING: {'tea_name': '江老师', 'tea_position': '高级讲师'}
2019-04-10 15:53:36 [SpiderAnything.spiders.itcast] WARNING: {'tea_name': '刘老师', 'tea_position': '高级讲师'}
2019-04-10 15:53:36 [SpiderAnything.spiders.itcast] WARNING: {'tea_name': '谢老师', 'tea_position': '高级讲师'}
2019-04-10 15:53:36 [SpiderAnything.spiders.itcast] WARNING: {'tea_name': '朱老师', 'tea_position': '高级讲师'}
2019-04-10 15:53:36 [SpiderAnything.spiders.itcast] WARNING: {'tea_name': '张老师', 'tea_position': '高级讲师'}
2019-04-10 15:53:36 [SpiderAnything.spiders.itcast] WARNING: {'tea_name': '盛老师', 'tea_position': '高级讲师'}
2019-04-10 15:53:36 [SpiderAnything.spiders.itcast] WARNING: {'tea_name': '范老师', 'tea_position': '高级讲师'}
2019-04-10 15:53:36 [SpiderAnything.spiders.itcast] WARNING: {'tea_name': '王老师', 'tea_position': '高级讲师'}
2019-04-10 15:53:36 [SpiderAnything.spiders.itcast] WARNING: {'tea_name': '沈老师', 'tea_position': '高级讲师'}
2019-04-10 15:53:36 [SpiderAnything.spiders.itcast] WARNING: {'tea_name': '何老师', 'tea_position': '高级讲师'}
2019-04-10 15:53:36 [SpiderAnything.spiders.itcast] WARNING: {'tea_name': '李老师', 'tea_position': '高级讲师'}
2019-04-10 15:53:36 [SpiderAnything.spiders.itcast] WARNING: {'tea_name': '梅老师', 'tea_position': '高级讲师'}
2019-04-10 15:53:36 [SpiderAnything.spiders.itcast] WARNING: {'tea_name': '姚老师', 'tea_position': '高级讲师'}
2019-04-10 15:53:36 [SpiderAnything.spiders.itcast] WARNING: {'tea_name': '陈老师', 'tea_position': '高级讲师'}
2019-04-10 15:53:36 [SpiderAnything.spiders.itcast] WARNING: {'tea_name': '许老师', 'tea_position': '高级讲师'}
2019-04-10 15:53:36 [SpiderAnything.spiders.itcast] WARNING: {'tea_name': '张老师', 'tea_position': '高级讲师'}
2019-04-10 15:53:36 [SpiderAnything.spiders.itcast] WARNING: {'tea_name': '李老师', 'tea_position': '高级讲师'}
2019-04-10 15:53:36 [SpiderAnything.spiders.itcast] WARNING: {'tea_name': '肖老师', 'tea_position': '高级讲师'}
2019-04-10 15:53:36 [SpiderAnything.spiders.itcast] WARNING: {'tea_name': '唐老师', 'tea_position': '高级讲师'}
2019-04-10 15:53:36 [SpiderAnything.spiders.itcast] WARNING: {'tea_name': '肖老师', 'tea_position': '高级讲师'}
2019-04-10 15:53:36 [SpiderAnything.spiders.itcast] WARNING: {'tea_name': '刘老师', 'tea_position': '高级讲师'}
2019-04-10 15:53:36 [SpiderAnything.spiders.itcast] WARNING: {'tea_name': '李老师', 'tea_position': '高级讲师'}
2019-04-10 15:53:36 [SpiderAnything.spiders.itcast] WARNING: {'tea_name': ' 许老师', 'tea_position': '高级讲师'}
2019-04-10 15:53:36 [SpiderAnything.spiders.itcast] WARNING: {'tea_name': '石老师', 'tea_position': '高级讲师'}
2019-04-10 15:53:36 [SpiderAnything.spiders.itcast] WARNING: {'tea_name': '刘老师', 'tea_position': '高级讲师'}
2019-04-10 15:53:36 [SpiderAnything.spiders.itcast] WARNING: {'tea_name': '恩老师', 'tea_position': '高级讲师'}
2019-04-10 15:53:36 [SpiderAnything.spiders.itcast] WARNING: {'tea_name': '赵老师', 'tea_position': '高级讲师'}
2019-04-10 15:53:36 [SpiderAnything.spiders.itcast] WARNING: {'tea_name': '郝老师', 'tea_position': '高级讲师'}
2019-04-10 15:53:36 [SpiderAnything.spiders.itcast] WARNING: {'tea_name': '金老师', 'tea_position': '高级讲师'}
2019-04-10 15:53:36 [SpiderAnything.spiders.itcast] WARNING: {'tea_name': '黄老师', 'tea_position': '高级讲师'}
2019-04-10 15:53:36 [SpiderAnything.spiders.itcast] WARNING: {'tea_name': '庄老师', 'tea_position': '高级讲师'}
2019-04-10 15:53:36 [SpiderAnything.spiders.itcast] WARNING: {'tea_name': '查老师', 'tea_position': '高级讲师'}
2019-04-10 15:53:36 [SpiderAnything.spiders.itcast] WARNING: {'tea_name': '常老师', 'tea_position': '高级讲师'}
2019-04-10 15:53:36 [SpiderAnything.spiders.itcast] WARNING: {'tea_name': '刘老师', 'tea_position': '高级讲师'}
2019-04-10 15:53:36 [SpiderAnything.spiders.itcast] WARNING: {'tea_name': '张老师\t', 'tea_position': '高级讲师'}
2019-04-10 15:53:36 [SpiderAnything.spiders.itcast] WARNING: {'tea_name': '李老师', 'tea_position': '高级讲师'}
2019-04-10 15:53:36 [SpiderAnything.spiders.itcast] WARNING: {'tea_name': '李老师', 'tea_position': '高级讲师'}
2019-04-10 15:53:36 [SpiderAnything.spiders.itcast] WARNING: {'tea_name': '陈老师', 'tea_position': '高级讲师'}
2019-04-10 15:53:36 [SpiderAnything.spiders.itcast] WARNING: {'tea_name': '贺老师', 'tea_position': '高级讲师'}
2019-04-10 15:53:36 [SpiderAnything.spiders.itcast] WARNING: {'tea_name': '宋老师', 'tea_position': '高级讲师'}
2019-04-10 15:53:36 [SpiderAnything.spiders.itcast] WARNING: {'tea_name': '雷老师', 'tea_position': '高级讲师'}
2019-04-10 15:53:36 [SpiderAnything.spiders.itcast] WARNING: {'tea_name': '刘老师', 'tea_position': '高级讲师'}
2019-04-10 15:53:36 [SpiderAnything.spiders.itcast] WARNING: {'tea_name': '郭老师', 'tea_position': '高级讲师'}
2019-04-10 15:53:36 [SpiderAnything.spiders.itcast] WARNING: {'tea_name': '高老师', 'tea_position': '高级讲师'}
2019-04-10 15:53:36 [SpiderAnything.spiders.itcast] WARNING: {'tea_name': '谭老师', 'tea_position': '高级讲师'}
2019-04-10 15:53:36 [SpiderAnything.spiders.itcast] WARNING: {'tea_name': '廖老师', 'tea_position': '高级讲师'}
2019-04-10 15:53:36 [SpiderAnything.spiders.itcast] WARNING: {'tea_name': '王老师', 'tea_position': '高级讲师'}
2019-04-10 15:53:36 [SpiderAnything.spiders.itcast] WARNING: {'tea_name': '周老师', 'tea_position': '高级讲师'}
2019-04-10 15:53:36 [SpiderAnything.spiders.itcast] WARNING: {'tea_name': '杨老师', 'tea_position': '高级讲师'}
2019-04-10 15:53:36 [SpiderAnything.spiders.itcast] WARNING: {'tea_name': '王老师', 'tea_position': '高级讲师'}
2019-04-10 15:53:36 [SpiderAnything.spiders.itcast] WARNING: {'tea_name': '缪老师', 'tea_position': '高级讲师'}
2019-04-10 15:53:36 [SpiderAnything.spiders.itcast] WARNING: {'tea_name': '许老师', 'tea_position': '高级讲师'}
2019-04-10 15:53:36 [SpiderAnything.spiders.itcast] WARNING: {'tea_name': '金老师', 'tea_position': '高级讲师'}
2019-04-10 15:53:36 [SpiderAnything.spiders.itcast] WARNING: {'tea_name': '邓老师', 'tea_position': '高级讲师'}
2019-04-10 15:53:36 [SpiderAnything.spiders.itcast] WARNING: {'tea_name': '龚老师', 'tea_position': '高级讲师'}
2019-04-10 15:53:36 [SpiderAnything.spiders.itcast] WARNING: {'tea_name': '李老师', 'tea_position': '高级讲师'}
2019-04-10 15:53:36 [SpiderAnything.spiders.itcast] WARNING: {'tea_name': '方老师', 'tea_position': '高级讲师'}
2019-04-10 15:53:36 [SpiderAnything.spiders.itcast] WARNING: {'tea_name': '曾老师', 'tea_position': '高级讲师'}
2019-04-10 15:53:36 [SpiderAnything.spiders.itcast] WARNING: {'tea_name': '梁老师', 'tea_position': '高级讲师'}
2019-04-10 15:53:36 [SpiderAnything.spiders.itcast] WARNING: {'tea_name': '闫老师', 'tea_position': '高级讲师'}
2019-04-10 15:53:36 [SpiderAnything.spiders.itcast] WARNING: {'tea_name': '杨老师', 'tea_position': '高级讲师'}
2019-04-10 15:53:36 [SpiderAnything.spiders.itcast] WARNING: {'tea_name': '邓老师', 'tea_position': '高级讲师'}
2019-04-10 15:53:36 [SpiderAnything.spiders.itcast] WARNING: {'tea_name': '龚老师', 'tea_position': '高级讲师'}
2019-04-10 15:53:36 [SpiderAnything.spiders.itcast] WARNING: {'tea_name': '薛老师', 'tea_position': '高级讲师'}
2019-04-10 15:53:36 [SpiderAnything.spiders.itcast] WARNING: {'tea_name': '张老师', 'tea_position': '高级讲师'}
2019-04-10 15:53:36 [SpiderAnything.spiders.itcast] WARNING: {'tea_name': '丛老师', 'tea_position': '高级讲师'}
2019-04-10 15:53:36 [SpiderAnything.spiders.itcast] WARNING: {'tea_name': '李老师', 'tea_position': '高级讲师'}
2019-04-10 15:53:36 [SpiderAnything.spiders.itcast] WARNING: {'tea_name': '刘老师', 'tea_position': '高级讲师'}
2019-04-10 15:53:36 [SpiderAnything.spiders.itcast] WARNING: {'tea_name': '彭老师', 'tea_position': '高级讲师'}
2019-04-10 15:53:36 [SpiderAnything.spiders.itcast] WARNING: {'tea_name': '杨老师', 'tea_position': '高级讲师'}
2019-04-10 15:53:36 [SpiderAnything.spiders.itcast] WARNING: {'tea_name': '杨老师', 'tea_position': '高级讲师'}
2019-04-10 15:53:36 [SpiderAnything.spiders.itcast] WARNING: {'tea_name': '袁老师', 'tea_position': '高级讲师'}
2019-04-10 15:53:36 [SpiderAnything.spiders.itcast] WARNING: {'tea_name': '周老师', 'tea_position': '高级讲师'}
2019-04-10 15:53:36 [SpiderAnything.spiders.itcast] WARNING: {'tea_name': '张老师', 'tea_position': '高级讲师'}
2019-04-10 15:53:36 [SpiderAnything.spiders.itcast] WARNING: {'tea_name': '黄老师', 'tea_position': '高级讲师'}
2019-04-10 15:53:36 [SpiderAnything.spiders.itcast] WARNING: {'tea_name': '伍老师', 'tea_position': '高级讲师'}
2019-04-10 15:53:36 [SpiderAnything.spiders.itcast] WARNING: {'tea_name': '江老师', 'tea_position': '高级讲师'}
2019-04-10 15:53:36 [SpiderAnything.spiders.itcast] WARNING: {'tea_name': '段老师', 'tea_position': '高级讲师'}
2019-04-10 15:53:36 [SpiderAnything.spiders.itcast] WARNING: {'tea_name': '刘老师', 'tea_position': '高级讲师'}
2019-04-10 15:53:36 [SpiderAnything.spiders.itcast] WARNING: {'tea_name': '曾老师', 'tea_position': '高级讲师'}
2019-04-10 15:53:36 [SpiderAnything.spiders.itcast] WARNING: {'tea_name': '彭老师', 'tea_position': '高级讲师'}
2019-04-10 15:53:36 [SpiderAnything.spiders.itcast] WARNING: {'tea_name': '李老师', 'tea_position': '高级讲师'}
2019-04-10 15:53:36 [SpiderAnything.spiders.itcast] WARNING: {'tea_name': '苏老师', 'tea_position': '高级讲师'}
2019-04-10 15:53:36 [SpiderAnything.spiders.itcast] WARNING: {'tea_name': '王老师', 'tea_position': '高级讲师'}
2019-04-10 15:53:36 [SpiderAnything.spiders.itcast] WARNING: {'tea_name': '吴老师', 'tea_position': '高级讲师'}
2019-04-10 15:53:36 [SpiderAnything.spiders.itcast] WARNING: {'tea_name': '沈老师', 'tea_position': '高级讲师'}
2019-04-10 15:53:36 [SpiderAnything.spiders.itcast] WARNING: {'tea_name': '李老师', 'tea_position': '高级讲师'}
2019-04-10 15:53:36 [SpiderAnything.spiders.itcast] WARNING: {'tea_name': '周老师', 'tea_position': '高级讲师'}
2019-04-10 15:53:36 [SpiderAnything.spiders.itcast] WARNING: {'tea_name': '赵老师', 'tea_position': '高级讲师'}
2019-04-10 15:53:36 [SpiderAnything.spiders.itcast] WARNING: {'tea_name': '潘老师', 'tea_position': '高级讲师'}
2019-04-10 15:53:36 [SpiderAnything.spiders.itcast] WARNING: {'tea_name': '胡老师', 'tea_position': '高级讲师'}
2019-04-10 15:53:36 [SpiderAnything.spiders.itcast] WARNING: {'tea_name': '贡老师', 'tea_position': '高级讲师'}
2019-04-10 15:53:36 [SpiderAnything.spiders.itcast] WARNING: {'tea_name': '王老师', 'tea_position': '高级讲师'}
2019-04-10 15:53:36 [SpiderAnything.spiders.itcast] WARNING: {'tea_name': '肖老师', 'tea_position': '高级讲师'}
2019-04-10 15:53:36 [SpiderAnything.spiders.itcast] WARNING: {'tea_name': '信老师', 'tea_position': '高级讲师'}
